<?xml version="1.0" encoding="UTF-8"?>
<!-- Generated by org.testng.reporters.JUnitReportReporter -->
<testsuite hostname="Sonali-PC" failures="0" tests="3" name="com.qa.test.MavenTest" time="0.032" errors="0" timestamp="31 Jul 2019 23:47:06 GMT" skipped="0">
  <testcase classname="com.qa.test.MavenTest" name="sub" time="0.003"/>
  <testcase classname="com.qa.test.MavenTest" name="div" time="0.023"/>
  <testcase classname="com.qa.test.MavenTest" name="sum" time="0.006"/>
</testsuite> <!-- com.qa.test.MavenTest -->
