<?xml version="1.0" encoding="UTF-8"?>
<!-- Generated by org.testng.reporters.JUnitReportReporter -->
<testsuite hostname="Sonali-PC" failures="0" tests="3" name="com.qa.test.MavenTest2" time="0.007" errors="0" timestamp="31 Jul 2019 23:47:06 GMT" skipped="0">
  <testcase classname="com.qa.test.MavenTest2" name="sub" time="0.001"/>
  <testcase classname="com.qa.test.MavenTest2" name="sum" time="0.004"/>
  <testcase classname="com.qa.test.MavenTest2" name="div" time="0.002"/>
</testsuite> <!-- com.qa.test.MavenTest2 -->
