<?xml version="1.0" encoding="UTF-8"?>
<!-- Generated by org.testng.reporters.JUnitReportReporter -->
<testsuite hostname="Sonali-PC" failures="0" tests="3" name="com.qa.test.MavenTest2" time="0.002" errors="0" timestamp="01 Aug 2019 00:02:25 GMT" skipped="0">
  <testcase classname="com.qa.test.MavenTest2" name="sub" time="0.001"/>
  <testcase classname="com.qa.test.MavenTest2" name="sum" time="0.001"/>
  <testcase classname="com.qa.test.MavenTest2" name="div" time="0.000"/>
</testsuite> <!-- com.qa.test.MavenTest2 -->
